<?xml version="1.0" encoding="UTF-8"?>
<!-- Generated by org.testng.reporters.JUnitXMLReporter -->
<testsuite ignored="0" hostname="DESKTOP-VDUAOBV" failures="0" tests="5" name="Default test" time="4.085" errors="0" timestamp="2024-03-13T11:12:13 IST">
  <testcase classname="API.EndPoint_Task.Task_EndPoints" name="Verify_AssignTask" time="2.083"/>
  <testcase classname="API.EndPoint_Task.Task_EndPoints" name="Verify_ReviewTask" time="0.358"/>
  <testcase classname="API.EndPoint_Task.Task_EndPoints" name="Verify_CompletedTask" time="0.366"/>
  <testcase classname="API.EndPoint_Task.Task_EndPoints" name="Verify_GetTaskstatus" time="0.332"/>
  <testcase classname="API.EndPoint_Task.Task_EndPoints" name="Verify_GetTaskEmpId" time="0.905"/>
</testsuite> <!-- Default test -->
