<?xml version="1.0" encoding="UTF-8"?>
<!-- Generated by org.testng.reporters.JUnitXMLReporter -->
<testsuite ignored="0" hostname="DESKTOP-VDUAOBV" failures="1" tests="2" name="Project_EndPoints" time="2.375" errors="0" timestamp="2024-03-07T21:07:02 IST">
  <testcase classname="API.EndPoint_Leave.Leave_EndPoints" name="Verify_Createleave" time="2.328"/>
  <testcase classname="API.EndPoint_Leave.Leave_EndPoints" name="Verify_Createleave" time="2.355">
    <failure type="java.lang.NullPointerException" message="Cannot invoke &amp;quot;org.openqa.selenium.TakesScreenshot.getScreenshotAs(org.openqa.selenium.OutputType)&amp;quot; because &amp;quot;Com.Utility.Listeners.driver&amp;quot; is null">
      <![CDATA[java.lang.NullPointerException: Cannot invoke "org.openqa.selenium.TakesScreenshot.getScreenshotAs(org.openqa.selenium.OutputType)" because "Com.Utility.Listeners.driver" is null
at Com.Utility.Listeners.CaptureScreen(Listeners.java:49)
at Com.Utility.Listeners.onTestSuccess(Listeners.java:29)
at java.base/java.util.ArrayList.forEach(ArrayList.java:1511)
... Removed 24 stack frames]]>
    </failure>
  </testcase> <!-- Verify_Createleave -->
</testsuite> <!-- Project_EndPoints -->
