<?xml version="1.0" encoding="UTF-8"?>
<!-- Generated by org.testng.reporters.JUnitXMLReporter -->
<testsuite ignored="0" hostname="DESKTOP-VDUAOBV" failures="1" tests="2" name="Project" time="1.494" errors="0" timestamp="2024-03-08T16:30:56 IST">
  <testcase classname="API.EndPoint_Leave.Leave_EndPoints" name="Verify_Createleave" time="1.458"/>
  <testcase classname="API.EndPoint_Leave.Leave_EndPoints" name="Verify_Createleave" time="1.477">
    <failure type="java.lang.NullPointerException" message="Cannot invoke &amp;quot;org.openqa.selenium.TakesScreenshot.getScreenshotAs(org.openqa.selenium.OutputType)&amp;quot; because &amp;quot;this.driver&amp;quot; is null">
      <![CDATA[java.lang.NullPointerException: Cannot invoke "org.openqa.selenium.TakesScreenshot.getScreenshotAs(org.openqa.selenium.OutputType)" because "this.driver" is null
at Com.Utility.Listeners.onTestSuccess(Listeners.java:28)
at java.base/java.util.ArrayList.forEach(ArrayList.java:1511)
... Removed 24 stack frames]]>
    </failure>
  </testcase> <!-- Verify_Createleave -->
</testsuite> <!-- Project -->
