<?xml version="1.0" encoding="UTF-8"?>
<!-- Generated by org.testng.reporters.JUnitXMLReporter -->
<testsuite ignored="0" hostname="DESKTOP-VDUAOBV" failures="0" tests="24" name="Test" time="11.215" errors="0" timestamp="2024-03-11T13:01:03 IST">
  <testcase classname="API.EndPoint_Leave.Leave_EndPoints" name="Verify_Createleave" time="1.5"/>
  <testcase classname="API.EndPoint_Leave.Leave_EndPoints" name="Verify_Approveleave" time="0.367"/>
  <testcase classname="API.EndPoint_Leave.Leave_EndPoints" name="Verify_Updateleave" time="0.313"/>
  <testcase classname="API.EndPoint_Leave.Leave_EndPoints" name="Verify_Rejectleave" time="0.358"/>
  <testcase classname="API.EndPoint_Leave.Leave_EndPoints" name="Verify_Deleteleave" time="0.348"/>
  <testcase classname="API.EndPoint_Department.Department_EndPoints" name="Bearer" time="0.708"/>
  <testcase classname="API.EndPoint_Department.Department_EndPoints" name="Verify_AddDepartment" time="1.019"/>
  <testcase classname="API.EndPoint_Department.Department_EndPoints" name="Verify_UpdateDepartment" time="0.336"/>
  <testcase classname="API.EndPoint_Department.Department_EndPoints" name="Verify_GetallDepartment" time="0.335"/>
  <testcase classname="API.EndPoint_Department.Department_EndPoints" name="Verify_GetallEmpDepartment" time="0.317"/>
  <testcase classname="API.EndPoint_Department.Department_EndPoints" name="Verify_DeleteDepartment" time="1.056"/>
  <testcase classname="API.EndPoint_Project.Project_EndPoints" name="CheckAPI" time="0.001"/>
  <testcase classname="API.EndPoint_Project.Project_EndPoints" name="Verify_addproject" time="0.35"/>
  <testcase classname="API.EndPoint_Project.Project_EndPoints" name="Verify_Updateproject" time="0.316"/>
  <testcase classname="API.EndPoint_Project.Project_EndPoints" name="Verify_Searchproject" time="0.341"/>
  <testcase classname="API.EndPoint_Project.Project_EndPoints" name="Verify_assignEmployee" time="0.327"/>
  <testcase classname="API.EndPoint_Project.Project_EndPoints" name="Verify_assignall" time="0.319"/>
  <testcase classname="API.EndPoint_Project.Project_EndPoints" name="Verify_getallproject" time="0.303"/>
  <testcase classname="API.EndPoint_Project.Project_EndPoints" name="Verify_removeemployee" time="0.876"/>
  <testcase classname="API.EndPoint_Project.Project_EndPoints" name="Verify_removeMultipleemployee" time="0.328"/>
  <testcase classname="API.EndPoint_Timesheet.Timesheet_EndPoints" name="Verify_AddTimesheet" time="0.313"/>
  <testcase classname="API.EndPoint_Timesheet.Timesheet_EndPoints" name="Verify_UpdateTimesheet" time="0.349"/>
  <testcase classname="API.EndPoint_Timesheet.Timesheet_EndPoints" name="Verify_GetallEmpTimesheet" time="0.328"/>
  <testcase classname="API.EndPoint_Timesheet.Timesheet_EndPoints" name="Verify_DeleteTimesheet" time="0.342"/>
</testsuite> <!-- Test -->
