<?xml version="1.0" encoding="UTF-8"?>
<!-- Generated by org.testng.reporters.JUnitXMLReporter -->
<testsuite ignored="0" hostname="DESKTOP-VDUAOBV" failures="1" tests="2" name="Login_page" time="2.423" errors="0" timestamp="2024-03-07T17:48:06 IST">
  <testcase classname="API.EndPoint_Leave.Leave_EndPoints" name="Bearer" time="2.382"/>
  <testcase classname="API.EndPoint_Leave.Leave_EndPoints" name="Bearer" time="2.404">
    <failure type="java.lang.NullPointerException" message="Cannot invoke &amp;quot;org.openqa.selenium.TakesScreenshot.getScreenshotAs(org.openqa.selenium.OutputType)&amp;quot; because &amp;quot;this.driver&amp;quot; is null">
      <![CDATA[java.lang.NullPointerException: Cannot invoke "org.openqa.selenium.TakesScreenshot.getScreenshotAs(org.openqa.selenium.OutputType)" because "this.driver" is null
at Com.Utility.Listeners.CaptureScreen(Listeners.java:41)
at Com.Utility.Listeners.onTestSuccess(Listeners.java:25)
at java.base/java.util.ArrayList.forEach(ArrayList.java:1511)
... Removed 24 stack frames]]>
    </failure>
  </testcase> <!-- Bearer -->
</testsuite> <!-- Login_page -->
